C:\USERS\XABLE\DOCUMENTS\GITHUB\EXTENSIONS-XABLECRYPTOGRAPHYOBJECT\EXTENSIONS\TEMPLATE\RELEASERUNTIME\ACTIONS.OBJ
C:\USERS\XABLE\DOCUMENTS\GITHUB\EXTENSIONS-XABLECRYPTOGRAPHYOBJECT\EXTENSIONS\TEMPLATE\RELEASERUNTIME\CONDITIONS.OBJ
C:\USERS\XABLE\DOCUMENTS\GITHUB\EXTENSIONS-XABLECRYPTOGRAPHYOBJECT\EXTENSIONS\TEMPLATE\RELEASERUNTIME\EDITTIME.OBJ
C:\USERS\XABLE\DOCUMENTS\GITHUB\EXTENSIONS-XABLECRYPTOGRAPHYOBJECT\EXTENSIONS\TEMPLATE\RELEASERUNTIME\EXPRESSIONS.OBJ
C:\USERS\XABLE\DOCUMENTS\GITHUB\EXTENSIONS-XABLECRYPTOGRAPHYOBJECT\EXTENSIONS\TEMPLATE\RELEASERUNTIME\EXTENSION.OBJ
C:\USERS\XABLE\DOCUMENTS\GITHUB\EXTENSIONS-XABLECRYPTOGRAPHYOBJECT\EXTENSIONS\TEMPLATE\RELEASERUNTIME\GENERAL.OBJ
C:\USERS\XABLE\DOCUMENTS\GITHUB\EXTENSIONS-XABLECRYPTOGRAPHYOBJECT\EXTENSIONS\TEMPLATE\RELEASERUNTIME\RUNTIME.OBJ
C:\USERS\XABLE\DOCUMENTS\GITHUB\EXTENSIONS-XABLECRYPTOGRAPHYOBJECT\EXTENSIONS\TEMPLATE\RELEASERUNTIME\OBJECTSELECTION.OBJ
C:\USERS\XABLE\DOCUMENTS\GITHUB\EXTENSIONS-XABLECRYPTOGRAPHYOBJECT\EXTENSIONS\TEMPLATE\RELEASERUNTIME\EDIF.OBJ
C:\USERS\XABLE\DOCUMENTS\GITHUB\EXTENSIONS-XABLECRYPTOGRAPHYOBJECT\EXTENSIONS\TEMPLATE\RELEASERUNTIME\EDIF.EDITTIME.OBJ
C:\USERS\XABLE\DOCUMENTS\GITHUB\EXTENSIONS-XABLECRYPTOGRAPHYOBJECT\EXTENSIONS\TEMPLATE\RELEASERUNTIME\EDIF.GENERAL.OBJ
C:\USERS\XABLE\DOCUMENTS\GITHUB\EXTENSIONS-XABLECRYPTOGRAPHYOBJECT\EXTENSIONS\TEMPLATE\RELEASERUNTIME\EDIF.RUNTIME.OBJ
C:\USERS\XABLE\DOCUMENTS\GITHUB\EXTENSIONS-XABLECRYPTOGRAPHYOBJECT\EXTENSIONS\TEMPLATE\RELEASERUNTIME\VC110.PDB
C:\USERS\XABLE\DOCUMENTS\GITHUB\EXTENSIONS-XABLECRYPTOGRAPHYOBJECT\EXTENSIONS\TEMPLATE\RELEASERUNTIME\JSON.OBJ
C:\USERS\XABLE\DOCUMENTS\GITHUB\EXTENSIONS-XABLECRYPTOGRAPHYOBJECT\EXTENSIONS\TEMPLATE\MFX\DATA\RUNTIME\XABLECRYPTOGRAPHYOBJECT.MFX
C:\USERS\XABLE\DOCUMENTS\GITHUB\EXTENSIONS-XABLECRYPTOGRAPHYOBJECT\EXTENSIONS\TEMPLATE\RELEASERUNTIME\EXT.RES
C:\Users\Xable\Documents\GitHub\Extensions-XableCryptographyObject\Extensions\Template\ReleaseRuntime\Template.lib
C:\Users\Xable\Documents\GitHub\Extensions-XableCryptographyObject\Extensions\Template\ReleaseRuntime\Template.exp
C:\Users\Xable\Documents\GitHub\Extensions-XableCryptographyObject\Extensions\Template\ReleaseRuntime\Actions.obj
C:\Users\Xable\Documents\GitHub\Extensions-XableCryptographyObject\Extensions\Template\ReleaseRuntime\Conditions.obj
C:\Users\Xable\Documents\GitHub\Extensions-XableCryptographyObject\Extensions\Template\ReleaseRuntime\Edif.Edittime.obj
C:\Users\Xable\Documents\GitHub\Extensions-XableCryptographyObject\Extensions\Template\ReleaseRuntime\Edif.General.obj
C:\Users\Xable\Documents\GitHub\Extensions-XableCryptographyObject\Extensions\Template\ReleaseRuntime\Edif.obj
C:\Users\Xable\Documents\GitHub\Extensions-XableCryptographyObject\Extensions\Template\ReleaseRuntime\Edif.Runtime.obj
C:\Users\Xable\Documents\GitHub\Extensions-XableCryptographyObject\Extensions\Template\ReleaseRuntime\Edittime.obj
C:\Users\Xable\Documents\GitHub\Extensions-XableCryptographyObject\Extensions\Template\ReleaseRuntime\Expressions.obj
C:\Users\Xable\Documents\GitHub\Extensions-XableCryptographyObject\Extensions\Template\ReleaseRuntime\Extension.obj
C:\Users\Xable\Documents\GitHub\Extensions-XableCryptographyObject\Extensions\Template\ReleaseRuntime\General.obj
C:\Users\Xable\Documents\GitHub\Extensions-XableCryptographyObject\Extensions\Template\ReleaseRuntime\json.obj
C:\Users\Xable\Documents\GitHub\Extensions-XableCryptographyObject\Extensions\Template\ReleaseRuntime\ObjectSelection.obj
C:\Users\Xable\Documents\GitHub\Extensions-XableCryptographyObject\Extensions\Template\ReleaseRuntime\Runtime.obj
C:\Users\Xable\Documents\GitHub\Extensions-XableCryptographyObject\Extensions\Template\ReleaseRuntime\cl.command.1.tlog
C:\Users\Xable\Documents\GitHub\Extensions-XableCryptographyObject\Extensions\Template\ReleaseRuntime\CL.read.1.tlog
C:\Users\Xable\Documents\GitHub\Extensions-XableCryptographyObject\Extensions\Template\ReleaseRuntime\CL.write.1.tlog
C:\Users\Xable\Documents\GitHub\Extensions-XableCryptographyObject\Extensions\Template\ReleaseRuntime\link-cvtres.read.1.tlog
C:\Users\Xable\Documents\GitHub\Extensions-XableCryptographyObject\Extensions\Template\ReleaseRuntime\link-cvtres.write.1.tlog
C:\Users\Xable\Documents\GitHub\Extensions-XableCryptographyObject\Extensions\Template\ReleaseRuntime\link.command.1.tlog
C:\Users\Xable\Documents\GitHub\Extensions-XableCryptographyObject\Extensions\Template\ReleaseRuntime\link.read.1.tlog
C:\Users\Xable\Documents\GitHub\Extensions-XableCryptographyObject\Extensions\Template\ReleaseRuntime\link.write.1.tlog
C:\Users\Xable\Documents\GitHub\Extensions-XableCryptographyObject\Extensions\Template\ReleaseRuntime\rc.command.1.tlog
C:\Users\Xable\Documents\GitHub\Extensions-XableCryptographyObject\Extensions\Template\ReleaseRuntime\rc.read.1.tlog
C:\Users\Xable\Documents\GitHub\Extensions-XableCryptographyObject\Extensions\Template\ReleaseRuntime\rc.write.1.tlog
C:\Users\Xable\Documents\GitHub\Extensions-XableCryptographyObject\Extensions\Template\ReleaseRuntime\XableCryptographyObject.write.1.tlog
C:\Users\Xable\Documents\GitHub\Extensions-XableCryptographyObject\Extensions\Template\ReleaseRuntime\Ext.res
C:\Users\Xable\Documents\GitHub\Extensions-XableCryptographyObject\Extensions\Template\ReleaseRuntime\vc110.idb
C:\Users\Xable\Documents\GitHub\Extensions-XableCryptographyObject\Extensions\Template\ReleaseRuntime\vc110.pdb
