C:\USERS\XABLE\DOCUMENTS\GITHUB\EXTENSIONS-XABLECRYPTOGRAPHYOBJECT\EXTENSIONS\TEMPLATE\EDITTIME HWA\ACTIONS.OBJ
C:\USERS\XABLE\DOCUMENTS\GITHUB\EXTENSIONS-XABLECRYPTOGRAPHYOBJECT\EXTENSIONS\TEMPLATE\EDITTIME HWA\CONDITIONS.OBJ
C:\USERS\XABLE\DOCUMENTS\GITHUB\EXTENSIONS-XABLECRYPTOGRAPHYOBJECT\EXTENSIONS\TEMPLATE\EDITTIME HWA\EXPRESSIONS.OBJ
C:\USERS\XABLE\DOCUMENTS\GITHUB\EXTENSIONS-XABLECRYPTOGRAPHYOBJECT\EXTENSIONS\TEMPLATE\EDITTIME HWA\EXTENSION.OBJ
C:\USERS\XABLE\DOCUMENTS\GITHUB\EXTENSIONS-XABLECRYPTOGRAPHYOBJECT\EXTENSIONS\TEMPLATE\EDITTIME HWA\GENERAL.OBJ
C:\USERS\XABLE\DOCUMENTS\GITHUB\EXTENSIONS-XABLECRYPTOGRAPHYOBJECT\EXTENSIONS\TEMPLATE\EDITTIME HWA\RUNTIME.OBJ
C:\USERS\XABLE\DOCUMENTS\GITHUB\EXTENSIONS-XABLECRYPTOGRAPHYOBJECT\EXTENSIONS\TEMPLATE\EDITTIME HWA\OBJECTSELECTION.OBJ
C:\USERS\XABLE\DOCUMENTS\GITHUB\EXTENSIONS-XABLECRYPTOGRAPHYOBJECT\EXTENSIONS\TEMPLATE\EDITTIME HWA\EDIF.OBJ
C:\USERS\XABLE\DOCUMENTS\GITHUB\EXTENSIONS-XABLECRYPTOGRAPHYOBJECT\EXTENSIONS\TEMPLATE\EDITTIME HWA\EDIF.EDITTIME.OBJ
C:\USERS\XABLE\DOCUMENTS\GITHUB\EXTENSIONS-XABLECRYPTOGRAPHYOBJECT\EXTENSIONS\TEMPLATE\EDITTIME HWA\EDIF.GENERAL.OBJ
C:\USERS\XABLE\DOCUMENTS\GITHUB\EXTENSIONS-XABLECRYPTOGRAPHYOBJECT\EXTENSIONS\TEMPLATE\EDITTIME HWA\EDIF.RUNTIME.OBJ
C:\USERS\XABLE\DOCUMENTS\GITHUB\EXTENSIONS-XABLECRYPTOGRAPHYOBJECT\EXTENSIONS\TEMPLATE\EDITTIME HWA\VC110.PDB
C:\Users\Xable\Documents\GitHub\Extensions-XableCryptographyObject\Extensions\Template\Edittime HWA\Actions.obj
C:\Users\Xable\Documents\GitHub\Extensions-XableCryptographyObject\Extensions\Template\Edittime HWA\Conditions.obj
C:\Users\Xable\Documents\GitHub\Extensions-XableCryptographyObject\Extensions\Template\Edittime HWA\Edif.Edittime.obj
C:\Users\Xable\Documents\GitHub\Extensions-XableCryptographyObject\Extensions\Template\Edittime HWA\Edif.General.obj
C:\Users\Xable\Documents\GitHub\Extensions-XableCryptographyObject\Extensions\Template\Edittime HWA\Edif.obj
C:\Users\Xable\Documents\GitHub\Extensions-XableCryptographyObject\Extensions\Template\Edittime HWA\Edif.Runtime.obj
C:\Users\Xable\Documents\GitHub\Extensions-XableCryptographyObject\Extensions\Template\Edittime HWA\Expressions.obj
C:\Users\Xable\Documents\GitHub\Extensions-XableCryptographyObject\Extensions\Template\Edittime HWA\Extension.obj
C:\Users\Xable\Documents\GitHub\Extensions-XableCryptographyObject\Extensions\Template\Edittime HWA\General.obj
C:\Users\Xable\Documents\GitHub\Extensions-XableCryptographyObject\Extensions\Template\Edittime HWA\ObjectSelection.obj
C:\Users\Xable\Documents\GitHub\Extensions-XableCryptographyObject\Extensions\Template\Edittime HWA\Runtime.obj
C:\Users\Xable\Documents\GitHub\Extensions-XableCryptographyObject\Extensions\Template\Edittime HWA\cl.command.1.tlog
C:\Users\Xable\Documents\GitHub\Extensions-XableCryptographyObject\Extensions\Template\Edittime HWA\CL.read.1.tlog
C:\Users\Xable\Documents\GitHub\Extensions-XableCryptographyObject\Extensions\Template\Edittime HWA\CL.write.1.tlog
C:\Users\Xable\Documents\GitHub\Extensions-XableCryptographyObject\Extensions\Template\Edittime HWA\vc110.idb
C:\Users\Xable\Documents\GitHub\Extensions-XableCryptographyObject\Extensions\Template\Edittime HWA\vc110.pdb
