C:\USERS\SAMUEL BENTON\GOOGLE DRIVE\MMF2 EXTENSIONS\XABLE CRYPTOGRAPHY OBJECT\WINDOWS-EDIF-MASTER\EXTENSIONS\TEMPLATE\EDITTIME HWA\ACTIONS.OBJ
C:\USERS\SAMUEL BENTON\GOOGLE DRIVE\MMF2 EXTENSIONS\XABLE CRYPTOGRAPHY OBJECT\WINDOWS-EDIF-MASTER\EXTENSIONS\TEMPLATE\EDITTIME HWA\CONDITIONS.OBJ
C:\USERS\SAMUEL BENTON\GOOGLE DRIVE\MMF2 EXTENSIONS\XABLE CRYPTOGRAPHY OBJECT\WINDOWS-EDIF-MASTER\EXTENSIONS\TEMPLATE\EDITTIME HWA\EDITTIME.OBJ
C:\USERS\SAMUEL BENTON\GOOGLE DRIVE\MMF2 EXTENSIONS\XABLE CRYPTOGRAPHY OBJECT\WINDOWS-EDIF-MASTER\EXTENSIONS\TEMPLATE\EDITTIME HWA\EXPRESSIONS.OBJ
C:\USERS\SAMUEL BENTON\GOOGLE DRIVE\MMF2 EXTENSIONS\XABLE CRYPTOGRAPHY OBJECT\WINDOWS-EDIF-MASTER\EXTENSIONS\TEMPLATE\EDITTIME HWA\EXTENSION.OBJ
C:\USERS\SAMUEL BENTON\GOOGLE DRIVE\MMF2 EXTENSIONS\XABLE CRYPTOGRAPHY OBJECT\WINDOWS-EDIF-MASTER\EXTENSIONS\TEMPLATE\EDITTIME HWA\GENERAL.OBJ
C:\USERS\SAMUEL BENTON\GOOGLE DRIVE\MMF2 EXTENSIONS\XABLE CRYPTOGRAPHY OBJECT\WINDOWS-EDIF-MASTER\EXTENSIONS\TEMPLATE\EDITTIME HWA\RUNTIME.OBJ
C:\USERS\SAMUEL BENTON\GOOGLE DRIVE\MMF2 EXTENSIONS\XABLE CRYPTOGRAPHY OBJECT\WINDOWS-EDIF-MASTER\EXTENSIONS\TEMPLATE\EDITTIME HWA\OBJECTSELECTION.OBJ
C:\USERS\SAMUEL BENTON\GOOGLE DRIVE\MMF2 EXTENSIONS\XABLE CRYPTOGRAPHY OBJECT\WINDOWS-EDIF-MASTER\EXTENSIONS\TEMPLATE\EDITTIME HWA\EDIF.OBJ
C:\USERS\SAMUEL BENTON\GOOGLE DRIVE\MMF2 EXTENSIONS\XABLE CRYPTOGRAPHY OBJECT\WINDOWS-EDIF-MASTER\EXTENSIONS\TEMPLATE\EDITTIME HWA\EDIF.EDITTIME.OBJ
C:\USERS\SAMUEL BENTON\GOOGLE DRIVE\MMF2 EXTENSIONS\XABLE CRYPTOGRAPHY OBJECT\WINDOWS-EDIF-MASTER\EXTENSIONS\TEMPLATE\EDITTIME HWA\EDIF.GENERAL.OBJ
C:\USERS\SAMUEL BENTON\GOOGLE DRIVE\MMF2 EXTENSIONS\XABLE CRYPTOGRAPHY OBJECT\WINDOWS-EDIF-MASTER\EXTENSIONS\TEMPLATE\EDITTIME HWA\EDIF.RUNTIME.OBJ
C:\USERS\SAMUEL BENTON\GOOGLE DRIVE\MMF2 EXTENSIONS\XABLE CRYPTOGRAPHY OBJECT\WINDOWS-EDIF-MASTER\EXTENSIONS\TEMPLATE\EDITTIME HWA\VC110.PDB
C:\USERS\SAMUEL BENTON\GOOGLE DRIVE\MMF2 EXTENSIONS\XABLE CRYPTOGRAPHY OBJECT\WINDOWS-EDIF-MASTER\EXTENSIONS\TEMPLATE\EDITTIME HWA\JSON.OBJ
C:\USERS\SAMUEL BENTON\GOOGLE DRIVE\MMF2 EXTENSIONS\XABLE CRYPTOGRAPHY OBJECT\WINDOWS-EDIF-MASTER\EXTENSIONS\TEMPLATE\MFX\EXTENSIONS\HWA\XABLE CRYPTOGRAPHY OBJECT.MFX
C:\USERS\SAMUEL BENTON\GOOGLE DRIVE\MMF2 EXTENSIONS\XABLE CRYPTOGRAPHY OBJECT\WINDOWS-EDIF-MASTER\EXTENSIONS\TEMPLATE\EDITTIME HWA\EXT.RES
C:\Users\Samuel Benton\Google Drive\MMF2 Extensions\Xable Cryptography Object\windows-edif-master\Extensions\Template\Edittime HWA\Template.lib
C:\Users\Samuel Benton\Google Drive\MMF2 Extensions\Xable Cryptography Object\windows-edif-master\Extensions\Template\Edittime HWA\Template.exp
C:\Users\Samuel Benton\Google Drive\MMF2 Extensions\Xable Cryptography Object\windows-edif-master\Extensions\Template\Edittime HWA\Actions.obj
C:\Users\Samuel Benton\Google Drive\MMF2 Extensions\Xable Cryptography Object\windows-edif-master\Extensions\Template\Edittime HWA\Conditions.obj
C:\Users\Samuel Benton\Google Drive\MMF2 Extensions\Xable Cryptography Object\windows-edif-master\Extensions\Template\Edittime HWA\Edif.Edittime.obj
C:\Users\Samuel Benton\Google Drive\MMF2 Extensions\Xable Cryptography Object\windows-edif-master\Extensions\Template\Edittime HWA\Edif.General.obj
C:\Users\Samuel Benton\Google Drive\MMF2 Extensions\Xable Cryptography Object\windows-edif-master\Extensions\Template\Edittime HWA\Edif.obj
C:\Users\Samuel Benton\Google Drive\MMF2 Extensions\Xable Cryptography Object\windows-edif-master\Extensions\Template\Edittime HWA\Edif.Runtime.obj
C:\Users\Samuel Benton\Google Drive\MMF2 Extensions\Xable Cryptography Object\windows-edif-master\Extensions\Template\Edittime HWA\Edittime.obj
C:\Users\Samuel Benton\Google Drive\MMF2 Extensions\Xable Cryptography Object\windows-edif-master\Extensions\Template\Edittime HWA\Expressions.obj
C:\Users\Samuel Benton\Google Drive\MMF2 Extensions\Xable Cryptography Object\windows-edif-master\Extensions\Template\Edittime HWA\Extension.obj
C:\Users\Samuel Benton\Google Drive\MMF2 Extensions\Xable Cryptography Object\windows-edif-master\Extensions\Template\Edittime HWA\General.obj
C:\Users\Samuel Benton\Google Drive\MMF2 Extensions\Xable Cryptography Object\windows-edif-master\Extensions\Template\Edittime HWA\json.obj
C:\Users\Samuel Benton\Google Drive\MMF2 Extensions\Xable Cryptography Object\windows-edif-master\Extensions\Template\Edittime HWA\ObjectSelection.obj
C:\Users\Samuel Benton\Google Drive\MMF2 Extensions\Xable Cryptography Object\windows-edif-master\Extensions\Template\Edittime HWA\Runtime.obj
C:\Users\Samuel Benton\Google Drive\MMF2 Extensions\Xable Cryptography Object\windows-edif-master\Extensions\Template\Edittime HWA\cl.command.1.tlog
C:\Users\Samuel Benton\Google Drive\MMF2 Extensions\Xable Cryptography Object\windows-edif-master\Extensions\Template\Edittime HWA\CL.read.1.tlog
C:\Users\Samuel Benton\Google Drive\MMF2 Extensions\Xable Cryptography Object\windows-edif-master\Extensions\Template\Edittime HWA\CL.write.1.tlog
C:\Users\Samuel Benton\Google Drive\MMF2 Extensions\Xable Cryptography Object\windows-edif-master\Extensions\Template\Edittime HWA\link-cvtres.read.1.tlog
C:\Users\Samuel Benton\Google Drive\MMF2 Extensions\Xable Cryptography Object\windows-edif-master\Extensions\Template\Edittime HWA\link-cvtres.write.1.tlog
C:\Users\Samuel Benton\Google Drive\MMF2 Extensions\Xable Cryptography Object\windows-edif-master\Extensions\Template\Edittime HWA\link.command.1.tlog
C:\Users\Samuel Benton\Google Drive\MMF2 Extensions\Xable Cryptography Object\windows-edif-master\Extensions\Template\Edittime HWA\link.read.1.tlog
C:\Users\Samuel Benton\Google Drive\MMF2 Extensions\Xable Cryptography Object\windows-edif-master\Extensions\Template\Edittime HWA\link.write.1.tlog
C:\Users\Samuel Benton\Google Drive\MMF2 Extensions\Xable Cryptography Object\windows-edif-master\Extensions\Template\Edittime HWA\rc.command.1.tlog
C:\Users\Samuel Benton\Google Drive\MMF2 Extensions\Xable Cryptography Object\windows-edif-master\Extensions\Template\Edittime HWA\rc.read.1.tlog
C:\Users\Samuel Benton\Google Drive\MMF2 Extensions\Xable Cryptography Object\windows-edif-master\Extensions\Template\Edittime HWA\rc.write.1.tlog
C:\Users\Samuel Benton\Google Drive\MMF2 Extensions\Xable Cryptography Object\windows-edif-master\Extensions\Template\Edittime HWA\Xable Cryptography Object.write.1.tlog
C:\Users\Samuel Benton\Google Drive\MMF2 Extensions\Xable Cryptography Object\windows-edif-master\Extensions\Template\Edittime HWA\Ext.res
C:\Users\Samuel Benton\Google Drive\MMF2 Extensions\Xable Cryptography Object\windows-edif-master\Extensions\Template\Edittime HWA\vc110.idb
C:\Users\Samuel Benton\Google Drive\MMF2 Extensions\Xable Cryptography Object\windows-edif-master\Extensions\Template\Edittime HWA\vc110.pdb
