Build started 11/18/2013 3:45:13 PM.
     1>Project "C:\Users\Xable\Documents\GitHub\Extensions-XableCryptographyObject\Extensions\Template\Template.vcxproj" on node 2 (Build target(s)).
     1>ClCompile:
         C:\Program Files (x86)\Microsoft Visual Studio 11.0\VC\bin\CL.exe /c /I..\..\Inc /I.\ /Zi /nologo /W3 /WX- /O1 /Ob1 /Oy- /D COXSDK /D IN_EXT_VERSION2 /D _CRT_SECURE_NO_WARNINGS /D _CRT_SECURE_NO_DEPRECATE /D _WINDOWS /D EDITOR /D _VC80_UPGRADE=0x0600 /D _WINDLL /GF /Gm /EHsc /MT /GS /Gy /fp:precise /Zc:wchar_t /Zc:forScope /GR /Fo".\ReleaseEditor\\" /Fd".\ReleaseEditor\vc110.pdb" /Gd /TP /analyze- /errorReport:prompt Edittime.cpp Extension.cpp
         Extension.cpp
         Edittime.cpp
         Generating Code...
       ResourceCompile:
         C:\Program Files (x86)\Windows Kits\8.0\bin\x86\rc.exe /D NDEBUG /D EDITOR /D _VC80_UPGRADE=0x0600 /l"0x0409" /I..\..\Inc /nologo /fo".\ReleaseEditor\Ext.res" Ext.rc 
     1>C:\Program Files (x86)\MSBuild\Microsoft.Cpp\v4.0\V110\Microsoft.CppBuild.targets(1137,5): warning MSB8012: TargetPath(C:\Users\Xable\Documents\GitHub\Extensions-XableCryptographyObject\Extensions\Template\.\ReleaseEditor\XableCryptographyObject.mfx) does not match the Linker's OutputFile property value (C:\Users\Xable\Documents\GitHub\Extensions-XableCryptographyObject\Extensions\Template\MFX\Extensions\XableCryptographyObject.mfx). This may cause your project to build incorrectly. To correct this, please make sure that $(OutDir), $(TargetName) and $(TargetExt) property values match the value specified in %(Link.OutputFile).
       Link:
         C:\Program Files (x86)\Microsoft Visual Studio 11.0\VC\bin\link.exe /ERRORREPORT:PROMPT /OUT:"C:\Users\Xable\Documents\GitHub\Extensions-XableCryptographyObject\Extensions\Template\\MFX\Extensions\XableCryptographyObject.mfx" /INCREMENTAL:NO /NOLOGO kernel32.lib user32.lib gdi32.lib winspool.lib comdlg32.lib advapi32.lib shell32.lib ole32.lib oleaut32.lib uuid.lib ..\..\lib\mmfs2.lib kernel32.lib user32.lib gdi32.lib winspool.lib comdlg32.lib advapi32.lib shell32.lib ole32.lib oleaut32.lib uuid.lib odbc32.lib odbccp32.lib /DEF:".\Ext.def" /MANIFEST:NO /PDB:".\ReleaseEditor\Template.pdb" /TLBID:1 /DYNAMICBASE:NO /IMPLIB:".\ReleaseEditor\Template.lib" /MACHINE:X86 /SAFESEH /DLL .\ReleaseEditor\Ext.res
         .\ReleaseEditor\Actions.obj
         .\ReleaseEditor\Conditions.obj
         .\ReleaseEditor\Edittime.obj
         .\ReleaseEditor\Expressions.obj
         .\ReleaseEditor\Extension.obj
         .\ReleaseEditor\General.obj
         .\ReleaseEditor\Runtime.obj
         .\ReleaseEditor\ObjectSelection.obj
         .\ReleaseEditor\Edif.obj
         .\ReleaseEditor\Edif.Edittime.obj
         .\ReleaseEditor\Edif.General.obj
         .\ReleaseEditor\Edif.Runtime.obj
         .\ReleaseEditor\json.obj
            Creating library .\ReleaseEditor\Template.lib and object .\ReleaseEditor\Template.exp
         Template.vcxproj -> C:\Users\Xable\Documents\GitHub\Extensions-XableCryptographyObject\Extensions\Template\.\ReleaseEditor\XableCryptographyObject.mfx
       PostBuildEvent:
         ..\AutoInstall.bat C:\Users\Xable\Documents\GitHub\Extensions-XableCryptographyObject\Extensions\Template\.\ReleaseEditor\XableCryptographyObject.mfx \Extensions
         :VCEnd
         MFX File: C:\Users\Xable\Documents\GitHub\Extensions-XableCryptographyObject\Extensions\Template\.\ReleaseEditor\XableCryptographyObject.mfx
         MFX Destination: \Extensions
         MMF2 Dev Path: C:\Program Files (x86)\Multimedia Fusion Developer 2
         The system cannot find the file specified.
     1>EXEC : error : The system was unable to find the specified registry key or value.
         You don't have MMF2 Standard
     1>C:\Program Files (x86)\MSBuild\Microsoft.Cpp\v4.0\V110\Microsoft.CppCommon.targets(134,5): error MSB3073: The command "..\AutoInstall.bat C:\Users\Xable\Documents\GitHub\Extensions-XableCryptographyObject\Extensions\Template\.\ReleaseEditor\XableCryptographyObject.mfx \Extensions
C:\Program Files (x86)\MSBuild\Microsoft.Cpp\v4.0\V110\Microsoft.CppCommon.targets(134,5): error MSB3073: :VCEnd" exited with code -1.
     1>Done Building Project "C:\Users\Xable\Documents\GitHub\Extensions-XableCryptographyObject\Extensions\Template\Template.vcxproj" (Build target(s)) -- FAILED.

Build FAILED.

Time Elapsed 00:00:03.25
