C:\USERS\XABLE\DOCUMENTS\GITHUB\EXTENSIONS-XABLECRYPTOGRAPHYOBJECT\EXTENSIONS\TEMPLATE\RELEASEEDITOR\ACTIONS.OBJ
C:\USERS\XABLE\DOCUMENTS\GITHUB\EXTENSIONS-XABLECRYPTOGRAPHYOBJECT\EXTENSIONS\TEMPLATE\RELEASEEDITOR\CONDITIONS.OBJ
C:\USERS\XABLE\DOCUMENTS\GITHUB\EXTENSIONS-XABLECRYPTOGRAPHYOBJECT\EXTENSIONS\TEMPLATE\RELEASEEDITOR\EXPRESSIONS.OBJ
C:\USERS\XABLE\DOCUMENTS\GITHUB\EXTENSIONS-XABLECRYPTOGRAPHYOBJECT\EXTENSIONS\TEMPLATE\RELEASEEDITOR\EXTENSION.OBJ
C:\USERS\XABLE\DOCUMENTS\GITHUB\EXTENSIONS-XABLECRYPTOGRAPHYOBJECT\EXTENSIONS\TEMPLATE\RELEASEEDITOR\GENERAL.OBJ
C:\USERS\XABLE\DOCUMENTS\GITHUB\EXTENSIONS-XABLECRYPTOGRAPHYOBJECT\EXTENSIONS\TEMPLATE\RELEASEEDITOR\RUNTIME.OBJ
C:\USERS\XABLE\DOCUMENTS\GITHUB\EXTENSIONS-XABLECRYPTOGRAPHYOBJECT\EXTENSIONS\TEMPLATE\RELEASEEDITOR\OBJECTSELECTION.OBJ
C:\USERS\XABLE\DOCUMENTS\GITHUB\EXTENSIONS-XABLECRYPTOGRAPHYOBJECT\EXTENSIONS\TEMPLATE\RELEASEEDITOR\EDIF.OBJ
C:\USERS\XABLE\DOCUMENTS\GITHUB\EXTENSIONS-XABLECRYPTOGRAPHYOBJECT\EXTENSIONS\TEMPLATE\RELEASEEDITOR\EDIF.EDITTIME.OBJ
C:\USERS\XABLE\DOCUMENTS\GITHUB\EXTENSIONS-XABLECRYPTOGRAPHYOBJECT\EXTENSIONS\TEMPLATE\RELEASEEDITOR\EDIF.GENERAL.OBJ
C:\USERS\XABLE\DOCUMENTS\GITHUB\EXTENSIONS-XABLECRYPTOGRAPHYOBJECT\EXTENSIONS\TEMPLATE\RELEASEEDITOR\EDIF.RUNTIME.OBJ
C:\USERS\XABLE\DOCUMENTS\GITHUB\EXTENSIONS-XABLECRYPTOGRAPHYOBJECT\EXTENSIONS\TEMPLATE\RELEASEEDITOR\VC110.PDB
C:\Users\Xable\Documents\GitHub\Extensions-XableCryptographyObject\Extensions\Template\ReleaseEditor\Actions.obj
C:\Users\Xable\Documents\GitHub\Extensions-XableCryptographyObject\Extensions\Template\ReleaseEditor\Conditions.obj
C:\Users\Xable\Documents\GitHub\Extensions-XableCryptographyObject\Extensions\Template\ReleaseEditor\Edif.Edittime.obj
C:\Users\Xable\Documents\GitHub\Extensions-XableCryptographyObject\Extensions\Template\ReleaseEditor\Edif.General.obj
C:\Users\Xable\Documents\GitHub\Extensions-XableCryptographyObject\Extensions\Template\ReleaseEditor\Edif.obj
C:\Users\Xable\Documents\GitHub\Extensions-XableCryptographyObject\Extensions\Template\ReleaseEditor\Edif.Runtime.obj
C:\Users\Xable\Documents\GitHub\Extensions-XableCryptographyObject\Extensions\Template\ReleaseEditor\Expressions.obj
C:\Users\Xable\Documents\GitHub\Extensions-XableCryptographyObject\Extensions\Template\ReleaseEditor\Extension.obj
C:\Users\Xable\Documents\GitHub\Extensions-XableCryptographyObject\Extensions\Template\ReleaseEditor\General.obj
C:\Users\Xable\Documents\GitHub\Extensions-XableCryptographyObject\Extensions\Template\ReleaseEditor\ObjectSelection.obj
C:\Users\Xable\Documents\GitHub\Extensions-XableCryptographyObject\Extensions\Template\ReleaseEditor\Runtime.obj
C:\Users\Xable\Documents\GitHub\Extensions-XableCryptographyObject\Extensions\Template\ReleaseEditor\cl.command.1.tlog
C:\Users\Xable\Documents\GitHub\Extensions-XableCryptographyObject\Extensions\Template\ReleaseEditor\CL.read.1.tlog
C:\Users\Xable\Documents\GitHub\Extensions-XableCryptographyObject\Extensions\Template\ReleaseEditor\CL.write.1.tlog
C:\Users\Xable\Documents\GitHub\Extensions-XableCryptographyObject\Extensions\Template\ReleaseEditor\vc110.idb
C:\Users\Xable\Documents\GitHub\Extensions-XableCryptographyObject\Extensions\Template\ReleaseEditor\vc110.pdb
