C:\USERS\SAMUEL BENTON\GOOGLE DRIVE\MMF2 EXTENSIONS\XABLE CRYPTOGRAPHY OBJECT\WINDOWS-EDIF-MASTER\EXTENSIONS\TEMPLATE\RELEASERUNTIMEUNICODE\ACTIONS.OBJ
C:\USERS\SAMUEL BENTON\GOOGLE DRIVE\MMF2 EXTENSIONS\XABLE CRYPTOGRAPHY OBJECT\WINDOWS-EDIF-MASTER\EXTENSIONS\TEMPLATE\RELEASERUNTIMEUNICODE\CONDITIONS.OBJ
C:\USERS\SAMUEL BENTON\GOOGLE DRIVE\MMF2 EXTENSIONS\XABLE CRYPTOGRAPHY OBJECT\WINDOWS-EDIF-MASTER\EXTENSIONS\TEMPLATE\RELEASERUNTIMEUNICODE\EDITTIME.OBJ
C:\USERS\SAMUEL BENTON\GOOGLE DRIVE\MMF2 EXTENSIONS\XABLE CRYPTOGRAPHY OBJECT\WINDOWS-EDIF-MASTER\EXTENSIONS\TEMPLATE\RELEASERUNTIMEUNICODE\EXPRESSIONS.OBJ
C:\USERS\SAMUEL BENTON\GOOGLE DRIVE\MMF2 EXTENSIONS\XABLE CRYPTOGRAPHY OBJECT\WINDOWS-EDIF-MASTER\EXTENSIONS\TEMPLATE\RELEASERUNTIMEUNICODE\EXTENSION.OBJ
C:\USERS\SAMUEL BENTON\GOOGLE DRIVE\MMF2 EXTENSIONS\XABLE CRYPTOGRAPHY OBJECT\WINDOWS-EDIF-MASTER\EXTENSIONS\TEMPLATE\RELEASERUNTIMEUNICODE\GENERAL.OBJ
C:\USERS\SAMUEL BENTON\GOOGLE DRIVE\MMF2 EXTENSIONS\XABLE CRYPTOGRAPHY OBJECT\WINDOWS-EDIF-MASTER\EXTENSIONS\TEMPLATE\RELEASERUNTIMEUNICODE\RUNTIME.OBJ
C:\USERS\SAMUEL BENTON\GOOGLE DRIVE\MMF2 EXTENSIONS\XABLE CRYPTOGRAPHY OBJECT\WINDOWS-EDIF-MASTER\EXTENSIONS\TEMPLATE\RELEASERUNTIMEUNICODE\OBJECTSELECTION.OBJ
C:\USERS\SAMUEL BENTON\GOOGLE DRIVE\MMF2 EXTENSIONS\XABLE CRYPTOGRAPHY OBJECT\WINDOWS-EDIF-MASTER\EXTENSIONS\TEMPLATE\RELEASERUNTIMEUNICODE\EDIF.OBJ
C:\USERS\SAMUEL BENTON\GOOGLE DRIVE\MMF2 EXTENSIONS\XABLE CRYPTOGRAPHY OBJECT\WINDOWS-EDIF-MASTER\EXTENSIONS\TEMPLATE\RELEASERUNTIMEUNICODE\EDIF.EDITTIME.OBJ
C:\USERS\SAMUEL BENTON\GOOGLE DRIVE\MMF2 EXTENSIONS\XABLE CRYPTOGRAPHY OBJECT\WINDOWS-EDIF-MASTER\EXTENSIONS\TEMPLATE\RELEASERUNTIMEUNICODE\EDIF.GENERAL.OBJ
C:\USERS\SAMUEL BENTON\GOOGLE DRIVE\MMF2 EXTENSIONS\XABLE CRYPTOGRAPHY OBJECT\WINDOWS-EDIF-MASTER\EXTENSIONS\TEMPLATE\RELEASERUNTIMEUNICODE\EDIF.RUNTIME.OBJ
C:\USERS\SAMUEL BENTON\GOOGLE DRIVE\MMF2 EXTENSIONS\XABLE CRYPTOGRAPHY OBJECT\WINDOWS-EDIF-MASTER\EXTENSIONS\TEMPLATE\RELEASERUNTIMEUNICODE\VC110.PDB
C:\USERS\SAMUEL BENTON\GOOGLE DRIVE\MMF2 EXTENSIONS\XABLE CRYPTOGRAPHY OBJECT\WINDOWS-EDIF-MASTER\EXTENSIONS\TEMPLATE\RELEASERUNTIMEUNICODE\JSON.OBJ
C:\USERS\SAMUEL BENTON\GOOGLE DRIVE\MMF2 EXTENSIONS\XABLE CRYPTOGRAPHY OBJECT\WINDOWS-EDIF-MASTER\EXTENSIONS\TEMPLATE\MFX\DATA\RUNTIME\UNICODE\XABLE CRYPTOGRAPHY OBJECT.MFX
C:\USERS\SAMUEL BENTON\GOOGLE DRIVE\MMF2 EXTENSIONS\XABLE CRYPTOGRAPHY OBJECT\WINDOWS-EDIF-MASTER\EXTENSIONS\TEMPLATE\RELEASERUNTIMEUNICODE\EXT.RES
C:\Users\Samuel Benton\Google Drive\MMF2 Extensions\Xable Cryptography Object\windows-edif-master\Extensions\Template\ReleaseRuntimeUnicode\Template.lib
C:\Users\Samuel Benton\Google Drive\MMF2 Extensions\Xable Cryptography Object\windows-edif-master\Extensions\Template\ReleaseRuntimeUnicode\Template.exp
C:\Users\Samuel Benton\Google Drive\MMF2 Extensions\Xable Cryptography Object\windows-edif-master\Extensions\Template\ReleaseRuntimeUnicode\Actions.obj
C:\Users\Samuel Benton\Google Drive\MMF2 Extensions\Xable Cryptography Object\windows-edif-master\Extensions\Template\ReleaseRuntimeUnicode\Conditions.obj
C:\Users\Samuel Benton\Google Drive\MMF2 Extensions\Xable Cryptography Object\windows-edif-master\Extensions\Template\ReleaseRuntimeUnicode\Edif.Edittime.obj
C:\Users\Samuel Benton\Google Drive\MMF2 Extensions\Xable Cryptography Object\windows-edif-master\Extensions\Template\ReleaseRuntimeUnicode\Edif.General.obj
C:\Users\Samuel Benton\Google Drive\MMF2 Extensions\Xable Cryptography Object\windows-edif-master\Extensions\Template\ReleaseRuntimeUnicode\Edif.obj
C:\Users\Samuel Benton\Google Drive\MMF2 Extensions\Xable Cryptography Object\windows-edif-master\Extensions\Template\ReleaseRuntimeUnicode\Edif.Runtime.obj
C:\Users\Samuel Benton\Google Drive\MMF2 Extensions\Xable Cryptography Object\windows-edif-master\Extensions\Template\ReleaseRuntimeUnicode\Edittime.obj
C:\Users\Samuel Benton\Google Drive\MMF2 Extensions\Xable Cryptography Object\windows-edif-master\Extensions\Template\ReleaseRuntimeUnicode\Expressions.obj
C:\Users\Samuel Benton\Google Drive\MMF2 Extensions\Xable Cryptography Object\windows-edif-master\Extensions\Template\ReleaseRuntimeUnicode\Extension.obj
C:\Users\Samuel Benton\Google Drive\MMF2 Extensions\Xable Cryptography Object\windows-edif-master\Extensions\Template\ReleaseRuntimeUnicode\General.obj
C:\Users\Samuel Benton\Google Drive\MMF2 Extensions\Xable Cryptography Object\windows-edif-master\Extensions\Template\ReleaseRuntimeUnicode\json.obj
C:\Users\Samuel Benton\Google Drive\MMF2 Extensions\Xable Cryptography Object\windows-edif-master\Extensions\Template\ReleaseRuntimeUnicode\ObjectSelection.obj
C:\Users\Samuel Benton\Google Drive\MMF2 Extensions\Xable Cryptography Object\windows-edif-master\Extensions\Template\ReleaseRuntimeUnicode\Runtime.obj
C:\Users\Samuel Benton\Google Drive\MMF2 Extensions\Xable Cryptography Object\windows-edif-master\Extensions\Template\ReleaseRuntimeUnicode\cl.command.1.tlog
C:\Users\Samuel Benton\Google Drive\MMF2 Extensions\Xable Cryptography Object\windows-edif-master\Extensions\Template\ReleaseRuntimeUnicode\CL.read.1.tlog
C:\Users\Samuel Benton\Google Drive\MMF2 Extensions\Xable Cryptography Object\windows-edif-master\Extensions\Template\ReleaseRuntimeUnicode\CL.write.1.tlog
C:\Users\Samuel Benton\Google Drive\MMF2 Extensions\Xable Cryptography Object\windows-edif-master\Extensions\Template\ReleaseRuntimeUnicode\link-cvtres.read.1.tlog
C:\Users\Samuel Benton\Google Drive\MMF2 Extensions\Xable Cryptography Object\windows-edif-master\Extensions\Template\ReleaseRuntimeUnicode\link-cvtres.write.1.tlog
C:\Users\Samuel Benton\Google Drive\MMF2 Extensions\Xable Cryptography Object\windows-edif-master\Extensions\Template\ReleaseRuntimeUnicode\link.command.1.tlog
C:\Users\Samuel Benton\Google Drive\MMF2 Extensions\Xable Cryptography Object\windows-edif-master\Extensions\Template\ReleaseRuntimeUnicode\link.read.1.tlog
C:\Users\Samuel Benton\Google Drive\MMF2 Extensions\Xable Cryptography Object\windows-edif-master\Extensions\Template\ReleaseRuntimeUnicode\link.write.1.tlog
C:\Users\Samuel Benton\Google Drive\MMF2 Extensions\Xable Cryptography Object\windows-edif-master\Extensions\Template\ReleaseRuntimeUnicode\rc.command.1.tlog
C:\Users\Samuel Benton\Google Drive\MMF2 Extensions\Xable Cryptography Object\windows-edif-master\Extensions\Template\ReleaseRuntimeUnicode\rc.read.1.tlog
C:\Users\Samuel Benton\Google Drive\MMF2 Extensions\Xable Cryptography Object\windows-edif-master\Extensions\Template\ReleaseRuntimeUnicode\rc.write.1.tlog
C:\Users\Samuel Benton\Google Drive\MMF2 Extensions\Xable Cryptography Object\windows-edif-master\Extensions\Template\ReleaseRuntimeUnicode\Xable Cryptography Object.write.1.tlog
C:\Users\Samuel Benton\Google Drive\MMF2 Extensions\Xable Cryptography Object\windows-edif-master\Extensions\Template\ReleaseRuntimeUnicode\Ext.res
C:\Users\Samuel Benton\Google Drive\MMF2 Extensions\Xable Cryptography Object\windows-edif-master\Extensions\Template\ReleaseRuntimeUnicode\vc110.idb
C:\Users\Samuel Benton\Google Drive\MMF2 Extensions\Xable Cryptography Object\windows-edif-master\Extensions\Template\ReleaseRuntimeUnicode\vc110.pdb
