C:\USERS\XABLE\DOCUMENTS\GITHUB\EXTENSIONS-XABLECRYPTOGRAPHYOBJECT\EXTENSIONS\TEMPLATE\RELEASEEDITORUNICODE\ACTIONS.OBJ
C:\USERS\XABLE\DOCUMENTS\GITHUB\EXTENSIONS-XABLECRYPTOGRAPHYOBJECT\EXTENSIONS\TEMPLATE\RELEASEEDITORUNICODE\CONDITIONS.OBJ
C:\USERS\XABLE\DOCUMENTS\GITHUB\EXTENSIONS-XABLECRYPTOGRAPHYOBJECT\EXTENSIONS\TEMPLATE\RELEASEEDITORUNICODE\EXPRESSIONS.OBJ
C:\USERS\XABLE\DOCUMENTS\GITHUB\EXTENSIONS-XABLECRYPTOGRAPHYOBJECT\EXTENSIONS\TEMPLATE\RELEASEEDITORUNICODE\EXTENSION.OBJ
C:\USERS\XABLE\DOCUMENTS\GITHUB\EXTENSIONS-XABLECRYPTOGRAPHYOBJECT\EXTENSIONS\TEMPLATE\RELEASEEDITORUNICODE\GENERAL.OBJ
C:\USERS\XABLE\DOCUMENTS\GITHUB\EXTENSIONS-XABLECRYPTOGRAPHYOBJECT\EXTENSIONS\TEMPLATE\RELEASEEDITORUNICODE\RUNTIME.OBJ
C:\USERS\XABLE\DOCUMENTS\GITHUB\EXTENSIONS-XABLECRYPTOGRAPHYOBJECT\EXTENSIONS\TEMPLATE\RELEASEEDITORUNICODE\OBJECTSELECTION.OBJ
C:\USERS\XABLE\DOCUMENTS\GITHUB\EXTENSIONS-XABLECRYPTOGRAPHYOBJECT\EXTENSIONS\TEMPLATE\RELEASEEDITORUNICODE\EDIF.OBJ
C:\USERS\XABLE\DOCUMENTS\GITHUB\EXTENSIONS-XABLECRYPTOGRAPHYOBJECT\EXTENSIONS\TEMPLATE\RELEASEEDITORUNICODE\EDIF.EDITTIME.OBJ
C:\USERS\XABLE\DOCUMENTS\GITHUB\EXTENSIONS-XABLECRYPTOGRAPHYOBJECT\EXTENSIONS\TEMPLATE\RELEASEEDITORUNICODE\EDIF.GENERAL.OBJ
C:\USERS\XABLE\DOCUMENTS\GITHUB\EXTENSIONS-XABLECRYPTOGRAPHYOBJECT\EXTENSIONS\TEMPLATE\RELEASEEDITORUNICODE\EDIF.RUNTIME.OBJ
C:\USERS\XABLE\DOCUMENTS\GITHUB\EXTENSIONS-XABLECRYPTOGRAPHYOBJECT\EXTENSIONS\TEMPLATE\RELEASEEDITORUNICODE\VC110.PDB
C:\Users\Xable\Documents\GitHub\Extensions-XableCryptographyObject\Extensions\Template\ReleaseEditorUnicode\Actions.obj
C:\Users\Xable\Documents\GitHub\Extensions-XableCryptographyObject\Extensions\Template\ReleaseEditorUnicode\Conditions.obj
C:\Users\Xable\Documents\GitHub\Extensions-XableCryptographyObject\Extensions\Template\ReleaseEditorUnicode\Edif.Edittime.obj
C:\Users\Xable\Documents\GitHub\Extensions-XableCryptographyObject\Extensions\Template\ReleaseEditorUnicode\Edif.General.obj
C:\Users\Xable\Documents\GitHub\Extensions-XableCryptographyObject\Extensions\Template\ReleaseEditorUnicode\Edif.obj
C:\Users\Xable\Documents\GitHub\Extensions-XableCryptographyObject\Extensions\Template\ReleaseEditorUnicode\Edif.Runtime.obj
C:\Users\Xable\Documents\GitHub\Extensions-XableCryptographyObject\Extensions\Template\ReleaseEditorUnicode\Expressions.obj
C:\Users\Xable\Documents\GitHub\Extensions-XableCryptographyObject\Extensions\Template\ReleaseEditorUnicode\Extension.obj
C:\Users\Xable\Documents\GitHub\Extensions-XableCryptographyObject\Extensions\Template\ReleaseEditorUnicode\General.obj
C:\Users\Xable\Documents\GitHub\Extensions-XableCryptographyObject\Extensions\Template\ReleaseEditorUnicode\ObjectSelection.obj
C:\Users\Xable\Documents\GitHub\Extensions-XableCryptographyObject\Extensions\Template\ReleaseEditorUnicode\Runtime.obj
C:\Users\Xable\Documents\GitHub\Extensions-XableCryptographyObject\Extensions\Template\ReleaseEditorUnicode\cl.command.1.tlog
C:\Users\Xable\Documents\GitHub\Extensions-XableCryptographyObject\Extensions\Template\ReleaseEditorUnicode\CL.read.1.tlog
C:\Users\Xable\Documents\GitHub\Extensions-XableCryptographyObject\Extensions\Template\ReleaseEditorUnicode\CL.write.1.tlog
C:\Users\Xable\Documents\GitHub\Extensions-XableCryptographyObject\Extensions\Template\ReleaseEditorUnicode\vc110.idb
C:\Users\Xable\Documents\GitHub\Extensions-XableCryptographyObject\Extensions\Template\ReleaseEditorUnicode\vc110.pdb
